<<< HD Wallets BIP44,49,84,86 >>>
BIP32 Root Private Key  : xprv9s21ZrQH143K3GJpoapnV8SFfukcVBSfeCficPSGfubmSFDxo1kuHnLisriDvSnRRuL2Qrg5ggqHKNVpxR86QEC8w35uxmGoggxtQTPvfUu

m/44'/0'/0'
xprv9xpXFhFpqdQK3TmytPBqXtGSwS3DLjojFhTGht8gwAAii8py5X6pxeBnQ6ehJiyJ6nDjWGJfZ95WxByFXVkDxHXrqu53WCRGypk2ttuqncb
xpub6BosfCnifzxcFwrSzQiqu2DBVTshkCXacvNsWGYJVVhhawA7d4R5WSWGFNbi8Aw6ZRc1brxMyWMzG3DSSSSoekkudhUd9yLb6qx39T9nMdj
m/44'/0'/0'/0/0
L4p2b9VAf8k5aUahF1JCJUzZkgNEAqLfq8DDdQiyAprQAKSbu8hf
1LqBGSKuX5yYUonjxT5qGfpUsXKYYWeabA

m/49'/0'/0'
yprvAHwhK6RbpuS3dgCYHM5jc2ZvEKd7Bi61u9FVhYMpgMSuZS613T1xxQeKTffhrHY79hZ5PsskBjcc6C2V7DrnsMsNaGDaWev3GLRQRgV7hxF
ypub6Ww3ibxVfGzLrAH1PNcjyAWenMTbbAosGNB6VvmSEgytSER9azLDWCxoJwW7Ke7icmizBMXrzBx9979FfaHxHcrArf3zbeJJJUZPf663zsP
m/49'/0'/0'/0/0
KyvHbRLNXfXaHuZb3QRaeqA5wovkjg4RuUpFGCxdH5UWc1Foih9o
37VucYSaXLCAsxYyAPfbSi9eh4iEcbShgf

m/84'/0'/0'
zprvAdG4iTXWBoARxkkzNpNh8r6Qag3irQB8PzEMkAFeTRXxHpbF9z4QgEvBRmfvqWvGp42t42nvgGpNgYSJA9iefm1yYNZKEm7z6qUWCroSQnE
zpub6rFR7y4Q2AijBEqTUquhVz398htDFrtymD9xYYfG1m4wAcvPhXNfE3EfH1r1ADqtfSdVCToUG868RvUUkgDKf31mGDtKsAYz2oz2AGutZYs
m/84'/0'/0'/0/0
KyZpNDKnfs94vbrwhJneDi77V6jF64PWPF8x5cdJb8ifgg2DUc9d
bc1qcr8te4kr609gcawutmrza0j4xv80jy8z306fyu

m/86'/0'/0'
xprv9xgqHN7yz9MwCkxsBPN5qetuNdQSUttZNKw1dcYTV4mkaAFiBVGQziHs3NRSWMkCzvgjEe3n9xV8oYywvM8at9yRqyaZVz6TYYhX98VjsUk
xpub6BgBgsespWvERF3LHQu6CnqdvfEvtMcQjYrcRzx53QJjSxarj2afYWcLteoGVky7D3UKDP9QyrLprQ3VCECoY49yfdDEHGCtMMj92pReUsQ
m/86'/0'/0'/0/0
KyRv5iFPHG7iB5E4CqvMzH3WFJVhbfYK4VY7XAedd9Ys69mEsPLQ
bc1p5cyxnuxmeuwuvkwfem96lqzszd02n6xdcjrs20cac6yqjjwudpxqkedrcr

yprvAHwhK6RbpuS3dgCYHM5jc2ZvEKd7Bi61u9FVhYMpgMSuZS613T1xxQeKTffhrHY79hZ5PsskBjcc6C2V7DrnsMsNaGDaWev3GLRQRgV7hxF
ypub6Ww3ibxVfGzLrAH1PNcjyAWenMTbbAosGNB6VvmSEgytSER9azLDWCxoJwW7Ke7icmizBMXrzBx9979FfaHxHcrArf3zbeJJJUZPf663zsP
m/49'/0'/0'/0/0
KyvHbRLNXfXaHuZb3QRaeqA5wovkjg4RuUpFGCxdH5UWc1Foih9o
37VucYSaXLCAsxYyAPfbSi9eh4iEcbShgf

PrivateKey is unknown.

zpub6rFR7y4Q2AijBEqTUquhVz398htDFrtymD9xYYfG1m4wAcvPhXNfE3EfH1r1ADqtfSdVCToUG868RvUUkgDKf31mGDtKsAYz2oz2AGutZYs
m/84'/0'/0'/0/0
PrivateKey is unknown.

bc1qcr8te4kr609gcawutmrza0j4xv80jy8z306fyu
